

Sat 30 Nov 17:41:53 MSK 2019 =================================================
status
/home/khaidarshin/Projects/playground/playground/git-history
Branch: master
SHA: 63fddb64e78b5e9b297ac874e08bc78c9412dff3


Sat 30 Nov 17:43:26 MSK 2019 =================================================
status -v
/home/khaidarshin/Projects/playground/playground/git-history
Branch: master
SHA: 63fddb64e78b5e9b297ac874e08bc78c9412dff3


Sat 30 Nov 17:44:34 MSK 2019 =================================================
git 
/home/khaidarshin/Projects/playground/playground/git-history
Branch: master
SHA: 63fddb64e78b5e9b297ac874e08bc78c9412dff3


Sat 30 Nov 17:44:51 MSK 2019 =================================================
git status -v
/home/khaidarshin/Projects/playground/playground/git-history
Branch: master
SHA: 63fddb64e78b5e9b297ac874e08bc78c9412dff3
